#
# There is insufficient memory for the Java Runtime Environment to continue.
# Native memory allocation (mmap) failed to map 268435456 bytes for G1 virtual space
# Possible reasons:
#   The system is out of physical RAM or swap space
#   The process is running with CompressedOops enabled, and the Java Heap may be blocking the growth of the native heap
# Possible solutions:
#   Reduce memory load on the system
#   Increase physical memory or swap space
#   Check if swap backing store is full
#   Decrease Java heap size (-Xmx/-Xms)
#   Decrease number of Java threads
#   Decrease Java thread stack sizes (-Xss)
#   Set larger code cache with -XX:ReservedCodeCacheSize=
#   JVM is running with Zero Based Compressed Oops mode in which the Java heap is
#     placed in the first 32GB address space. The Java Heap base address is the
#     maximum limit for the native heap growth. Please use -XX:HeapBaseMinAddress
#     to set the Java Heap base and to place the Java Heap above 32GB virtual address.
# This output file may be truncated or incomplete.
#
#  Out of Memory Error (os_windows.cpp:3613), pid=10816, tid=21360
#
# JRE version:  (17.0.10+7) (build )
# Java VM: OpenJDK 64-Bit Server VM (17.0.10+7, mixed mode, sharing, tiered, compressed oops, compressed class ptrs, g1 gc, windows-amd64)
# No core dump will be written. Minidumps are not enabled by default on client versions of Windows
#

---------------  S U M M A R Y ------------

Command Line: -Dfile.encoding=UTF-8 -Dstdout.encoding=UTF-8 -Dstderr.encoding=UTF-8 --module-path=C:\Users\hpssd\git\repo-tp1-pv\tp1_FloresNavajasYesarela\bin -XX:+ShowCodeDetailsInExceptionMessages -Djdk.module.main=tp1_FloresNavajasYesarela tp1_FloresNavajasYesarela/ar.edu.unju.fi.ejercicio6.main.Main

Host: Intel(R) Core(TM) i7-7500U CPU @ 2.70GHz, 4 cores, 15G,  Windows 10 , 64 bit Build 19041 (10.0.19041.3636)
Time: Mon Apr 15 19:04:43 2024 Hora estándar de Argentina elapsed time: 0.054800 seconds (0d 0h 0m 0s)

---------------  T H R E A D  ---------------

Current thread (0x00000164108d4c30):  JavaThread "Unknown thread" [_thread_in_vm, id=21360, stack(0x000000063ea00000,0x000000063eb00000)]

Stack: [0x000000063ea00000,0x000000063eb00000]
Native frames: (J=compiled Java code, j=interpreted, Vv=VM code, C=native code)
V  [jvm.dll+0x67d2c9]
V  [jvm.dll+0x834afa]
V  [jvm.dll+0x8365be]
V  [jvm.dll+0x836c23]
V  [jvm.dll+0x2477ff]
V  [jvm.dll+0x67a109]
V  [jvm.dll+0x66eb7a]
V  [jvm.dll+0x30764b]
V  [jvm.dll+0x30eaf6]
V  [jvm.dll+0x35e83e]
V  [jvm.dll+0x35ea6f]
V  [jvm.dll+0x2de248]
V  [jvm.dll+0x2df1b4]
V  [jvm.dll+0x806361]
V  [jvm.dll+0x36c6f1]
V  [jvm.dll+0x7e4e06]
V  [jvm.dll+0x3eff3f]
V  [jvm.dll+0x3f1b71]
C  [jli.dll+0x528f]
C  [ucrtbase.dll+0x21bb2]
C  [KERNEL32.DLL+0x17344]
C  [ntdll.dll+0x526b1]


---------------  P R O C E S S  ---------------

Threads class SMR info:
_java_thread_list=0x00007ffa71edee98, length=0, elements={
}

Java Threads: ( => current thread )

Other Threads:
  0x000001641093d150 GCTaskThread "GC Thread#0" [stack: 0x000000063eb00000,0x000000063ec00000] [id=5864]
  0x000001641094deb0 ConcurrentGCThread "G1 Main Marker" [stack: 0x000000063ec00000,0x000000063ed00000] [id=20388]
  0x000001641094f1b0 ConcurrentGCThread "G1 Conc#0" [stack: 0x000000063ed00000,0x000000063ee00000] [id=18688]

[error occurred during error reporting (printing all threads), id 0xc0000005, EXCEPTION_ACCESS_VIOLATION (0xc0000005) at pc=0x00007ffa7169ec87]

VM state: not at safepoint (not fully initialized)

VM Mutex/Monitor currently owned by a thread:  ([mutex/lock_event])
[0x00000164108cdaf0] Heap_lock - owner thread: 0x00000164108d4c30

Heap address: 0x0000000701e00000, size: 4066 MB, Compressed Oops mode: Zero based, Oop shift amount: 3

CDS archive(s) mapped at: [0x0000000000000000-0x0000000000000000-0x0000000000000000), size 0, SharedBaseAddress: 0x0000000800000000, ArchiveRelocationMode: 1.
Narrow klass base: 0x0000000000000000, Narrow klass shift: 0, Narrow klass range: 0x0

GC Precious Log:
<Empty>

Heap:
 garbage-first heap   total 0K, used 0K [0x0000000701e00000, 0x0000000800000000)
  region size 2048K, 0 young (0K), 0 survivors (0K)

[error occurred during error reporting (printing heap information), id 0xc0000005, EXCEPTION_ACCESS_VIOLATION (0xc0000005) at pc=0x00007ffa71a86fb9]

GC Heap History (0 events):
No events

Dll operation events (1 events):
Event: 0.012 Loaded shared library H:\YESARELA\Yesarela\2024\APU\Programación Visual - 2do año\spring tool suite\contents\sts-4.22.0.RELEASE\plugins\org.eclipse.justj.openjdk.hotspot.jre.full.win32.x86_64_17.0.10.v20240120-1143\jre\bin\java.dll

Deoptimization events (0 events):
No events

Classes unloaded (0 events):
No events

Classes redefined (0 events):
No events

Internal exceptions (0 events):
No events

VM Operations (0 events):
No events

Events (0 events):
No events


Dynamic libraries:
0x00007ff679d60000 - 0x00007ff679d6e000 	H:\YESARELA\Yesarela\2024\APU\Programación Visual - 2do año\spring tool suite\contents\sts-4.22.0.RELEASE\plugins\org.eclipse.justj.openjdk.hotspot.jre.full.win32.x86_64_17.0.10.v20240120-1143\jre\bin\javaw.exe
0x00007ffade070000 - 0x00007ffade268000 	C:\WINDOWS\SYSTEM32\ntdll.dll
0x00007ffadd3f0000 - 0x00007ffadd4ad000 	C:\WINDOWS\System32\KERNEL32.DLL
0x00007ffadbc60000 - 0x00007ffadbf56000 	C:\WINDOWS\System32\KERNELBASE.dll
0x00007ffadb7f0000 - 0x00007ffadb8f0000 	C:\WINDOWS\System32\ucrtbase.dll
0x00007ffac6020000 - 0x00007ffac6037000 	H:\YESARELA\Yesarela\2024\APU\Programación Visual - 2do año\spring tool suite\contents\sts-4.22.0.RELEASE\plugins\org.eclipse.justj.openjdk.hotspot.jre.full.win32.x86_64_17.0.10.v20240120-1143\jre\bin\jli.dll
0x00007ffaddc20000 - 0x00007ffadddbf000 	C:\WINDOWS\System32\USER32.dll
0x00007ffadb720000 - 0x00007ffadb742000 	C:\WINDOWS\System32\win32u.dll
0x00007ffadc0e0000 - 0x00007ffadc10b000 	C:\WINDOWS\System32\GDI32.dll
0x00007ffadb940000 - 0x00007ffadba57000 	C:\WINDOWS\System32\gdi32full.dll
0x00007ffadbbc0000 - 0x00007ffadbc5d000 	C:\WINDOWS\System32\msvcp_win.dll
0x00007ffac6df0000 - 0x00007ffac6e0b000 	H:\YESARELA\Yesarela\2024\APU\Programación Visual - 2do año\spring tool suite\contents\sts-4.22.0.RELEASE\plugins\org.eclipse.justj.openjdk.hotspot.jre.full.win32.x86_64_17.0.10.v20240120-1143\jre\bin\VCRUNTIME140.dll
0x00007ffac84e0000 - 0x00007ffac877a000 	C:\WINDOWS\WinSxS\amd64_microsoft.windows.common-controls_6595b64144ccf1df_6.0.19041.3636_none_60b6a03d71f818d5\COMCTL32.dll
0x00007ffaddf90000 - 0x00007ffade02e000 	C:\WINDOWS\System32\msvcrt.dll
0x00007ffadc0a0000 - 0x00007ffadc0d2000 	C:\WINDOWS\System32\IMM32.DLL
0x00007ffac9b00000 - 0x00007ffac9b0c000 	H:\YESARELA\Yesarela\2024\APU\Programación Visual - 2do año\spring tool suite\contents\sts-4.22.0.RELEASE\plugins\org.eclipse.justj.openjdk.hotspot.jre.full.win32.x86_64_17.0.10.v20240120-1143\jre\bin\vcruntime140_1.dll
0x00007ffa9a070000 - 0x00007ffa9a0fd000 	H:\YESARELA\Yesarela\2024\APU\Programación Visual - 2do año\spring tool suite\contents\sts-4.22.0.RELEASE\plugins\org.eclipse.justj.openjdk.hotspot.jre.full.win32.x86_64_17.0.10.v20240120-1143\jre\bin\msvcp140.dll
0x00007ffa713b0000 - 0x00007ffa72012000 	H:\YESARELA\Yesarela\2024\APU\Programación Visual - 2do año\spring tool suite\contents\sts-4.22.0.RELEASE\plugins\org.eclipse.justj.openjdk.hotspot.jre.full.win32.x86_64_17.0.10.v20240120-1143\jre\bin\server\jvm.dll
0x00007ffadd9c0000 - 0x00007ffadda70000 	C:\WINDOWS\System32\ADVAPI32.dll
0x00007ffaddad0000 - 0x00007ffaddb70000 	C:\WINDOWS\System32\sechost.dll
0x00007ffadde50000 - 0x00007ffaddf73000 	C:\WINDOWS\System32\RPCRT4.dll
0x00007ffadb750000 - 0x00007ffadb777000 	C:\WINDOWS\System32\bcrypt.dll
0x00007ffadacb0000 - 0x00007ffadacfb000 	C:\WINDOWS\SYSTEM32\POWRPROF.dll
0x00007ffac46b0000 - 0x00007ffac46b9000 	C:\WINDOWS\SYSTEM32\WSOCK32.dll
0x00007ffadd290000 - 0x00007ffadd2fb000 	C:\WINDOWS\System32\WS2_32.dll
0x00007ffac5600000 - 0x00007ffac5627000 	C:\WINDOWS\SYSTEM32\WINMM.dll
0x00007ffad3740000 - 0x00007ffad374a000 	C:\WINDOWS\SYSTEM32\VERSION.dll
0x00007ffadab20000 - 0x00007ffadab32000 	C:\WINDOWS\SYSTEM32\UMPDC.dll
0x00007ffad9f90000 - 0x00007ffad9fa2000 	C:\WINDOWS\SYSTEM32\kernel.appcore.dll
0x00007ffad6930000 - 0x00007ffad693a000 	H:\YESARELA\Yesarela\2024\APU\Programación Visual - 2do año\spring tool suite\contents\sts-4.22.0.RELEASE\plugins\org.eclipse.justj.openjdk.hotspot.jre.full.win32.x86_64_17.0.10.v20240120-1143\jre\bin\jimage.dll
0x00007ffad9c50000 - 0x00007ffad9e34000 	C:\WINDOWS\SYSTEM32\DBGHELP.DLL
0x00007ffab1df0000 - 0x00007ffab1e24000 	C:\WINDOWS\SYSTEM32\dbgcore.DLL
0x00007ffadbf60000 - 0x00007ffadbfe2000 	C:\WINDOWS\System32\bcryptPrimitives.dll
0x00007ffad3df0000 - 0x00007ffad3e15000 	H:\YESARELA\Yesarela\2024\APU\Programación Visual - 2do año\spring tool suite\contents\sts-4.22.0.RELEASE\plugins\org.eclipse.justj.openjdk.hotspot.jre.full.win32.x86_64_17.0.10.v20240120-1143\jre\bin\java.dll

dbghelp: loaded successfully - version: 4.0.5 - missing functions: none
symbol engine: initialized successfully - sym options: 0x614 - pdb path: .;H:\YESARELA\Yesarela\2024\APU\Programación Visual - 2do año\spring tool suite\contents\sts-4.22.0.RELEASE\plugins\org.eclipse.justj.openjdk.hotspot.jre.full.win32.x86_64_17.0.10.v20240120-1143\jre\bin;C:\WINDOWS\SYSTEM32;C:\WINDOWS\WinSxS\amd64_microsoft.windows.common-controls_6595b64144ccf1df_6.0.19041.3636_none_60b6a03d71f818d5;H:\YESARELA\Yesarela\2024\APU\Programación Visual - 2do año\spring tool suite\contents\sts-4.22.0.RELEASE\plugins\org.eclipse.justj.openjdk.hotspot.jre.full.win32.x86_64_17.0.10.v20240120-1143\jre\bin\server

VM Arguments:
jvm_args: -Dfile.encoding=UTF-8 -Dstdout.encoding=UTF-8 -Dstderr.encoding=UTF-8 --module-path=C:\Users\hpssd\git\repo-tp1-pv\tp1_FloresNavajasYesarela\bin -XX:+ShowCodeDetailsInExceptionMessages -Djdk.module.main=tp1_FloresNavajasYesarela 
java_command: tp1_FloresNavajasYesarela/ar.edu.unju.fi.ejercicio6.main.Main
java_class_path (initial): <not set>
Launcher Type: SUN_STANDARD

[Global flags]
     intx CICompilerCount                          = 3                                         {product} {ergonomic}
     uint ConcGCThreads                            = 1                                         {product} {ergonomic}
     uint G1ConcRefinementThreads                  = 4                                         {product} {ergonomic}
   size_t G1HeapRegionSize                         = 2097152                                   {product} {ergonomic}
    uintx GCDrainStackTargetSize                   = 64                                        {product} {ergonomic}
   size_t InitialHeapSize                          = 268435456                                 {product} {ergonomic}
   size_t MarkStackSize                            = 4194304                                   {product} {ergonomic}
   size_t MaxHeapSize                              = 4263510016                                {product} {ergonomic}
   size_t MinHeapDeltaBytes                        = 2097152                                   {product} {ergonomic}
   size_t MinHeapSize                              = 8388608                                   {product} {ergonomic}
    uintx NonNMethodCodeHeapSize                   = 5832780                                {pd product} {ergonomic}
    uintx NonProfiledCodeHeapSize                  = 122912730                              {pd product} {ergonomic}
    uintx ProfiledCodeHeapSize                     = 122912730                              {pd product} {ergonomic}
    uintx ReservedCodeCacheSize                    = 251658240                              {pd product} {ergonomic}
     bool SegmentedCodeCache                       = true                                      {product} {ergonomic}
     bool ShowCodeDetailsInExceptionMessages       = true                                   {manageable} {command line}
   size_t SoftMaxHeapSize                          = 4263510016                             {manageable} {ergonomic}
     bool UseCompressedClassPointers               = true                           {product lp64_product} {ergonomic}
     bool UseCompressedOops                        = true                           {product lp64_product} {ergonomic}
     bool UseG1GC                                  = true                                      {product} {ergonomic}
     bool UseLargePagesIndividualAllocation        = false                                  {pd product} {ergonomic}

Logging:
Log output configuration:
 #0: stdout all=warning uptime,level,tags
 #1: stderr all=off uptime,level,tags

Environment Variables:
JAVA_HOME=C:\Program Files\Java\jdk-15.0.2
PATH=H:/YESARELA/Yesarela/2024/APU/Programación Visual - 2do año/spring tool suite/contents/sts-4.22.0.RELEASE//plugins/org.eclipse.justj.openjdk.hotspot.jre.full.win32.x86_64_17.0.10.v20240120-1143/jre/bin/server;H:/YESARELA/Yesarela/2024/APU/Programación Visual - 2do año/spring tool suite/contents/sts-4.22.0.RELEASE//plugins/org.eclipse.justj.openjdk.hotspot.jre.full.win32.x86_64_17.0.10.v20240120-1143/jre/bin;C:\Program Files (x86)\Common Files\Oracle\Java\javapath;C:\Program Files\Common Files\Oracle\Java\javapath;C:\Program Files\Common Files\Hypertherm CAM;C:\Program Files (x86)\Common Files\Hypertherm CAM;C:\Program Files (x86)\Intel\iCLS Client\;C:\Program Files\Intel\iCLS Client\;C:\WINDOWS\system32;C:\WINDOWS;C:\WINDOWS\System32\Wbem;C:\WINDOWS\System32\WindowsPowerShell\v1.0\;C:\Program Files (x86)\Intel\Intel(R) Management Engine Components\DAL;C:\Program Files\Intel\Intel(R) Management Engine Components\DAL;C:\Program Files (x86)\Intel\Intel(R) Management Engine Components\IPT;C:\Program Files\Intel\Intel(R) Management Engine Components\IPT;C:\Program Files\Intel\WiFi\bin\;C:\Program Files\Common Files\Intel\WirelessCommon\;C:\WINDOWS\System32\OpenSSH\;C:\Program Files\Git\cmd;C:\Program Files\Microsoft SQL Server\Client SDK\ODBC\130\Tools\Binn\;C:\Program Files (x86)\Microsoft SQL Server\140\Tools\Binn\;C:\Program Files\Microsoft SQL Server\140\Tools\Binn\;C:\Program Files\Microsoft SQL Server\140\DTS\Binn\;C:\Program Files\Java\jdk-15.0.2\bin;C:\Program Files\MySQL\MySQL Shell 8.0\bin\;C:\Users\hpssd\AppData\Local\Microsoft\WindowsApps;C:\Users\hpssd\AppData\Local\Programs\Microsoft VS Code\bin;C:\Users\hpssd\AppData\Local\atom\bin;C:\Users\hpssd\AppData\Local\GitHubDesktop\bin;C:\Users\hpssd\AppData\Local\gitkraken\bin;H:\YESARELA\Yesarela\2024\APU\Programación Visual - 2do año\spring tool suite\contents\sts-4.22.0.RELEASE;
USERNAME=HP
OS=Windows_NT
PROCESSOR_IDENTIFIER=Intel64 Family 6 Model 142 Stepping 9, GenuineIntel
TMP=C:\Users\hpssd\AppData\Local\Temp
TEMP=C:\Users\hpssd\AppData\Local\Temp



Periodic native trim disabled


---------------  S Y S T E M  ---------------

OS:
 Windows 10 , 64 bit Build 19041 (10.0.19041.3636)
OS uptime: 5 days 21:28 hours

CPU: total 4 (initial active 4) (2 cores per cpu, 2 threads per core) family 6 model 142 stepping 9 microcode 0xde, cx8, cmov, fxsr, ht, mmx, 3dnowpref, sse, sse2, sse3, ssse3, sse4.1, sse4.2, popcnt, lzcnt, tsc, tscinvbit, avx, avx2, aes, erms, clmul, bmi1, bmi2, adx, fma, vzeroupper, clflush, clflushopt
Processor Information for all 4 processors :
  Max Mhz: 2904, Current Mhz: 2904, Mhz Limit: 2700

Memory: 4k page, system-wide physical 16256M (3369M free)
TotalPageFile size 16256M (AvailPageFile size 239M)
current process WorkingSet (physical memory assigned to process): 10M, peak: 10M
current process commit charge ("private bytes"): 51M, peak: 307M

vm_info: OpenJDK 64-Bit Server VM (17.0.10+7) for windows-amd64 JRE (17.0.10+7), built on Jan 16 2024 23:25:11 by "admin" with MS VC++ 16.10 / 16.11 (VS2019)

END.
